<?xml version="1.0" encoding="UTF-8"?>
<testng-results ignored="0" total="1" passed="1" failed="0" skipped="0">
  <reporter-output>
  </reporter-output>
  <suite started-at="2023-11-01T18:03:50 EDT" name="Default suite" finished-at="2023-11-01T20:56:49 EDT" duration-ms="10379027">
    <groups>
    </groups>
    <test started-at="2023-11-01T18:03:50 EDT" name="Default test" finished-at="2023-11-01T20:56:49 EDT" duration-ms="10379027">
      <class name="tests.BaseClass">
        <test-method is-config="true" signature="setup()[pri:0, instance:tests.BaseClass@49ec71f8]" started-at="2023-11-01T18:03:50 EDT" name="setup" finished-at="2023-11-01T20:56:49 EDT" duration-ms="10378922" status="PASS">
          <reporter-output>
          </reporter-output>
        </test-method> <!-- setup -->
        <test-method signature="test()[pri:0, instance:tests.BaseClass@49ec71f8]" started-at="2023-11-01T20:56:49 EDT" name="test" finished-at="2023-11-01T20:56:49 EDT" duration-ms="15" status="PASS">
          <reporter-output>
          </reporter-output>
        </test-method> <!-- test -->
        <test-method is-config="true" signature="teardown()[pri:0, instance:tests.BaseClass@49ec71f8]" started-at="2023-11-01T20:56:49 EDT" name="teardown" finished-at="2023-11-01T20:56:49 EDT" duration-ms="1" status="PASS">
          <reporter-output>
          </reporter-output>
        </test-method> <!-- teardown -->
      </class> <!-- tests.BaseClass -->
    </test> <!-- Default test -->
  </suite> <!-- Default suite -->
</testng-results>
